<?xml version="1.0" encoding="UTF-8"?>
<testsuite xmlns:xsi="http://www.w3.org/2001/XMLSchema-instance" xsi:noNamespaceSchemaLocation="https://maven.apache.org/surefire/maven-surefire-plugin/xsd/surefire-test-report.xsd" name="net.serenity.bdd.features.navigation.WhenUserLogIn" time="38.267" tests="4" errors="0" skipped="0" failures="0">
  <properties>
[...]
</properties>
  <testcase name="shouldBeAbleToNavigateToLogIn[0]" classname="net.serenity.bdd.features.navigation.WhenUserLogIn" time="14.638"/>
  <testcase name="userShouldBeAbleToLogIn[0]" classname="net.serenity.bdd.features.navigation.WhenUserLogIn" time="8.096"/>
  <testcase name="shouldBeAbleToNavigateToLogIn[1]" classname="net.serenity.bdd.features.navigation.WhenUserLogIn" time="8.709"/>
  <testcase name="userShouldBeAbleToLogIn[1]" classname="net.serenity.bdd.features.navigation.WhenUserLogIn" time="1.943"/>
</testsuite>